>usage: mkdir <directory name>
cmsc
cmsc
sp
movies
sp: Already exists
cmsc
movies
sp
cmsc
movies
sp
cmsc11: No such file or directory.
cmsc11
cmsc142
cmsc11
cmsc142
romcom
../../movies/horror: No such file or directory.
/root/movies/horror: No such file or directory.
cmsc
movies
sp
usage: cp source_file/source_directory target_file/target_directorycmsc
movies
sp
comsci1
cmsc
movies
sp
comsci1
comsci2
movies1
movies2
movie1
move1
cmsc
movies
sp
comsci1
comsci2
movies1
movies2
cmsc
movies
sp
comsci1
comsci2
movies1
movies2
cmsc
movies
sp
comsci1
comsci2
movies1
movies2
movie1
move1
comsci1
movies1
movie1
move1
cmsc
movies
sp
comsci1
comsci2
movies1
movies2
movie1
move1
movies
movies1
movies2
move1
movies
movies1
movies2
movie1
move1
cmsc11
cmsc142
hello.cpp
hello.cpp
two.cpp
one.cpp
cmsc11
cmsc142
one.cpp
cmsc11
cmsc142
newone.cpp
cmsc
movies
sp
comsci1
comsci2
movies1
movies2
movie1
move1
movies
sp
comsci1
comsci2
movies1
movies2
movie1
move1
comsci
movies
sp
comsci1
comsci2
movies1
movies2
movie1
move1
comsci
cmsc: No such file or directory.
